[debug] [2021-11-12T00:34:10.060Z] ----------------------------------------------------------------------
[debug] [2021-11-12T00:34:10.061Z] Command:       /usr/local/bin/node /usr/local/bin/firebase deploy --token 1//04VHffrIw8u-zCgYIARAAGAQSNwF-L9IrApiuFgfFc9mnPYd5cL2JsIWXvSWA-AoFWqAmXcOcSOCNmnK5b9a8MkuKNb31FX4yrwc --non-interactive
[debug] [2021-11-12T00:34:10.061Z] CLI Version:   9.18.0
[debug] [2021-11-12T00:34:10.061Z] Platform:      darwin
[debug] [2021-11-12T00:34:10.062Z] Node Version:  v14.17.6
[debug] [2021-11-12T00:34:10.062Z] Time:          Thu Nov 11 2021 18:34:10 GMT-0600 (Central Standard Time)
[debug] [2021-11-12T00:34:10.062Z] ----------------------------------------------------------------------
[debug] 
[debug] [2021-11-12T00:34:10.109Z] > command requires scopes: ["email","openid","https://www.googleapis.com/auth/cloudplatformprojects.readonly","https://www.googleapis.com/auth/firebase","https://www.googleapis.com/auth/cloud-platform"]
[debug] [2021-11-12T00:34:10.109Z] > authorizing via --token option
[debug] [2021-11-12T00:34:10.109Z] [iam] checking project nutritracker-bff41 for permissions ["firebase.projects.get","firebasehosting.sites.update"]
[debug] [2021-11-12T00:34:10.111Z] > refreshing access token with scopes: ["email","https://www.googleapis.com/auth/cloud-platform","https://www.googleapis.com/auth/cloudplatformprojects.readonly","https://www.googleapis.com/auth/firebase","openid"]
[debug] [2021-11-12T00:34:10.111Z] >>> HTTP REQUEST POST https://www.googleapis.com/oauth2/v3/token  
 <request body omitted>
[debug] [2021-11-12T00:34:10.215Z] <<< HTTP RESPONSE 200 {"pragma":"no-cache","cache-control":"no-cache, no-store, max-age=0, must-revalidate","expires":"Mon, 01 Jan 1990 00:00:00 GMT","date":"Fri, 12 Nov 2021 00:34:10 GMT","content-type":"application/json; charset=utf-8","vary":"X-Origin, Referer, Origin,Accept-Encoding","server":"scaffolding on HTTPServer2","x-xss-protection":"0","x-frame-options":"SAMEORIGIN","x-content-type-options":"nosniff","alt-svc":"h3=\":443\"; ma=2592000,h3-29=\":443\"; ma=2592000,h3-Q050=\":443\"; ma=2592000,h3-Q046=\":443\"; ma=2592000,h3-Q043=\":443\"; ma=2592000,quic=\":443\"; ma=2592000; v=\"46,43\"","accept-ranges":"none","transfer-encoding":"chunked"}
[debug] [2021-11-12T00:34:10.218Z] >>> HTTP REQUEST POST https://cloudresourcemanager.googleapis.com/v1/projects/nutritracker-bff41:testIamPermissions  
 {"permissions":["firebase.projects.get","firebasehosting.sites.update"]}
[debug] [2021-11-12T00:34:10.401Z] <<< HTTP RESPONSE 200 {"content-type":"application/json; charset=UTF-8","vary":"X-Origin, Referer, Origin,Accept-Encoding","date":"Fri, 12 Nov 2021 00:34:10 GMT","server":"ESF","cache-control":"private","x-xss-protection":"0","x-frame-options":"SAMEORIGIN","x-content-type-options":"nosniff","server-timing":"gfet4t7; dur=139","alt-svc":"h3=\":443\"; ma=2592000,h3-29=\":443\"; ma=2592000,h3-Q050=\":443\"; ma=2592000,h3-Q046=\":443\"; ma=2592000,h3-Q043=\":443\"; ma=2592000,quic=\":443\"; ma=2592000; v=\"46,43\"","accept-ranges":"none","transfer-encoding":"chunked"}
[debug] [2021-11-12T00:34:10.404Z] [iam] error while checking permissions, command may fail: FirebaseError: Authorization failed. This account is missing the following required permissions on project nutritracker-bff41:

  firebase.projects.get
  firebasehosting.sites.update
[debug] [2021-11-12T00:34:10.409Z] > refreshing access token with scopes: []
[debug] [2021-11-12T00:34:10.410Z] >>> HTTP REQUEST POST https://www.googleapis.com/oauth2/v3/token  
 <request body omitted>
[debug] [2021-11-12T00:34:10.489Z] <<< HTTP RESPONSE 200 {"date":"Fri, 12 Nov 2021 00:34:10 GMT","cache-control":"no-cache, no-store, max-age=0, must-revalidate","pragma":"no-cache","expires":"Mon, 01 Jan 1990 00:00:00 GMT","content-type":"application/json; charset=utf-8","vary":"X-Origin, Referer, Origin,Accept-Encoding","server":"scaffolding on HTTPServer2","x-xss-protection":"0","x-frame-options":"SAMEORIGIN","x-content-type-options":"nosniff","alt-svc":"h3=\":443\"; ma=2592000,h3-29=\":443\"; ma=2592000,h3-Q050=\":443\"; ma=2592000,h3-Q046=\":443\"; ma=2592000,h3-Q043=\":443\"; ma=2592000,quic=\":443\"; ma=2592000; v=\"46,43\"","accept-ranges":"none","transfer-encoding":"chunked"}
[debug] [2021-11-12T00:34:10.495Z] >>> [apiv2][query] GET https://firebase.googleapis.com/v1beta1/projects/nutritracker-bff41 [none]
[debug] [2021-11-12T00:34:10.712Z] <<< [apiv2][status] GET https://firebase.googleapis.com/v1beta1/projects/nutritracker-bff41 403
[debug] [2021-11-12T00:34:10.713Z] <<< [apiv2][body] GET https://firebase.googleapis.com/v1beta1/projects/nutritracker-bff41 {"error":{"code":403,"message":"The caller does not have permission","status":"PERMISSION_DENIED"}}
[debug] [2021-11-12T00:34:10.715Z] HTTP Error: 403, The caller does not have permission
[debug] [2021-11-12T00:34:10.771Z] FirebaseError: HTTP Error: 403, The caller does not have permission
    at module.exports (/usr/local/lib/node_modules/firebase-tools/lib/responseToError.js:38:12)
    at Client.doRequest (/usr/local/lib/node_modules/firebase-tools/lib/apiv2.js:238:23)
    at processTicksAndRejections (internal/process/task_queues.js:95:5)
    at async Client.request (/usr/local/lib/node_modules/firebase-tools/lib/apiv2.js:96:20)
    at async Object.getFirebaseProject (/usr/local/lib/node_modules/firebase-tools/lib/management/projects.js:290:21)
    at async Object.getDefaultHostingSite (/usr/local/lib/node_modules/firebase-tools/lib/getDefaultHostingSite.js:8:21)
    at async requireHostingSite (/usr/local/lib/node_modules/firebase-tools/lib/requireHostingSite.js:9:18)
    at async Object.fn (/usr/local/lib/node_modules/firebase-tools/lib/commands/deploy.js:65:9)
    at async /usr/local/lib/node_modules/firebase-tools/lib/command.js:188:17
[error] 
[error] Error: Failed to get Firebase project nutritracker-bff41. Please make sure the project exists and your account has permission to access it.
[debug] [2021-11-12T00:36:18.300Z] ----------------------------------------------------------------------
[debug] [2021-11-12T00:36:18.301Z] Command:       /usr/local/bin/node /usr/local/bin/firebase deploy --token 1//04VHffrIw8u-zCgYIARAAGAQSNwF-L9IrApiuFgfFc9mnPYd5cL2JsIWXvSWA-AoFWqAmXcOcSOCNmnK5b9a8MkuKNb31FX4yrwc --non-interactive
[debug] [2021-11-12T00:36:18.302Z] CLI Version:   9.18.0
[debug] [2021-11-12T00:36:18.302Z] Platform:      darwin
[debug] [2021-11-12T00:36:18.302Z] Node Version:  v14.17.6
[debug] [2021-11-12T00:36:18.302Z] Time:          Thu Nov 11 2021 18:36:18 GMT-0600 (Central Standard Time)
[debug] [2021-11-12T00:36:18.302Z] ----------------------------------------------------------------------
[debug] 
[debug] [2021-11-12T00:36:18.350Z] > command requires scopes: ["email","openid","https://www.googleapis.com/auth/cloudplatformprojects.readonly","https://www.googleapis.com/auth/firebase","https://www.googleapis.com/auth/cloud-platform"]
[debug] [2021-11-12T00:36:18.350Z] > authorizing via --token option
[debug] [2021-11-12T00:36:18.351Z] [iam] checking project nutritracker-bff41 for permissions ["firebase.projects.get","firebasehosting.sites.update"]
[debug] [2021-11-12T00:36:18.352Z] > refreshing access token with scopes: ["email","https://www.googleapis.com/auth/cloud-platform","https://www.googleapis.com/auth/cloudplatformprojects.readonly","https://www.googleapis.com/auth/firebase","openid"]
[debug] [2021-11-12T00:36:18.353Z] >>> HTTP REQUEST POST https://www.googleapis.com/oauth2/v3/token  
 <request body omitted>
[debug] [2021-11-12T00:36:18.538Z] <<< HTTP RESPONSE 200 {"date":"Fri, 12 Nov 2021 00:36:18 GMT","cache-control":"no-cache, no-store, max-age=0, must-revalidate","pragma":"no-cache","expires":"Mon, 01 Jan 1990 00:00:00 GMT","content-type":"application/json; charset=utf-8","vary":"X-Origin, Referer, Origin,Accept-Encoding","server":"scaffolding on HTTPServer2","x-xss-protection":"0","x-frame-options":"SAMEORIGIN","x-content-type-options":"nosniff","alt-svc":"h3=\":443\"; ma=2592000,h3-29=\":443\"; ma=2592000,h3-Q050=\":443\"; ma=2592000,h3-Q046=\":443\"; ma=2592000,h3-Q043=\":443\"; ma=2592000,quic=\":443\"; ma=2592000; v=\"46,43\"","accept-ranges":"none","transfer-encoding":"chunked"}
[debug] [2021-11-12T00:36:18.542Z] >>> HTTP REQUEST POST https://cloudresourcemanager.googleapis.com/v1/projects/nutritracker-bff41:testIamPermissions  
 {"permissions":["firebase.projects.get","firebasehosting.sites.update"]}
[debug] [2021-11-12T00:36:18.704Z] <<< HTTP RESPONSE 200 {"content-type":"application/json; charset=UTF-8","vary":"X-Origin, Referer, Origin,Accept-Encoding","date":"Fri, 12 Nov 2021 00:36:18 GMT","server":"ESF","cache-control":"private","x-xss-protection":"0","x-frame-options":"SAMEORIGIN","x-content-type-options":"nosniff","server-timing":"gfet4t7; dur=88","alt-svc":"h3=\":443\"; ma=2592000,h3-29=\":443\"; ma=2592000,h3-Q050=\":443\"; ma=2592000,h3-Q046=\":443\"; ma=2592000,h3-Q043=\":443\"; ma=2592000,quic=\":443\"; ma=2592000; v=\"46,43\"","accept-ranges":"none","transfer-encoding":"chunked"}
[debug] [2021-11-12T00:36:18.708Z] [iam] error while checking permissions, command may fail: FirebaseError: Authorization failed. This account is missing the following required permissions on project nutritracker-bff41:

  firebase.projects.get
  firebasehosting.sites.update
[debug] [2021-11-12T00:36:18.712Z] > refreshing access token with scopes: []
[debug] [2021-11-12T00:36:18.713Z] >>> HTTP REQUEST POST https://www.googleapis.com/oauth2/v3/token  
 <request body omitted>
[debug] [2021-11-12T00:36:18.855Z] <<< HTTP RESPONSE 200 {"date":"Fri, 12 Nov 2021 00:36:18 GMT","pragma":"no-cache","expires":"Mon, 01 Jan 1990 00:00:00 GMT","cache-control":"no-cache, no-store, max-age=0, must-revalidate","content-type":"application/json; charset=utf-8","vary":"X-Origin, Referer, Origin,Accept-Encoding","server":"scaffolding on HTTPServer2","x-xss-protection":"0","x-frame-options":"SAMEORIGIN","x-content-type-options":"nosniff","alt-svc":"h3=\":443\"; ma=2592000,h3-29=\":443\"; ma=2592000,h3-Q050=\":443\"; ma=2592000,h3-Q046=\":443\"; ma=2592000,h3-Q043=\":443\"; ma=2592000,quic=\":443\"; ma=2592000; v=\"46,43\"","accept-ranges":"none","transfer-encoding":"chunked"}
[debug] [2021-11-12T00:36:18.860Z] >>> [apiv2][query] GET https://firebase.googleapis.com/v1beta1/projects/nutritracker-bff41 [none]
[debug] [2021-11-12T00:36:19.226Z] <<< [apiv2][status] GET https://firebase.googleapis.com/v1beta1/projects/nutritracker-bff41 403
[debug] [2021-11-12T00:36:19.227Z] <<< [apiv2][body] GET https://firebase.googleapis.com/v1beta1/projects/nutritracker-bff41 {"error":{"code":403,"message":"The caller does not have permission","status":"PERMISSION_DENIED"}}
[debug] [2021-11-12T00:36:19.228Z] HTTP Error: 403, The caller does not have permission
[debug] [2021-11-12T00:36:19.323Z] FirebaseError: HTTP Error: 403, The caller does not have permission
    at module.exports (/usr/local/lib/node_modules/firebase-tools/lib/responseToError.js:38:12)
    at Client.doRequest (/usr/local/lib/node_modules/firebase-tools/lib/apiv2.js:238:23)
    at processTicksAndRejections (internal/process/task_queues.js:95:5)
    at async Client.request (/usr/local/lib/node_modules/firebase-tools/lib/apiv2.js:96:20)
    at async Object.getFirebaseProject (/usr/local/lib/node_modules/firebase-tools/lib/management/projects.js:290:21)
    at async Object.getDefaultHostingSite (/usr/local/lib/node_modules/firebase-tools/lib/getDefaultHostingSite.js:8:21)
    at async requireHostingSite (/usr/local/lib/node_modules/firebase-tools/lib/requireHostingSite.js:9:18)
    at async Object.fn (/usr/local/lib/node_modules/firebase-tools/lib/commands/deploy.js:65:9)
    at async /usr/local/lib/node_modules/firebase-tools/lib/command.js:188:17
[error] 
[error] Error: Failed to get Firebase project nutritracker-bff41. Please make sure the project exists and your account has permission to access it.
